TRACK_TIME 1121238067
TRACK DL1902 B737 335960 1147611 449 320 103.06 ZOA ZOA46
FP_ROUTE KSFO./.BLH.HYDRR1.I07R..<>.KPHX
