DL1902 320
