SWA1897 330
